<?xml version="1.0" encoding="UTF-8"?>
<!-- Generated by org.testng.reporters.JUnitXMLReporter -->
<testsuite ignored="3" hostname="DESKTOP-JUROTAA" failures="1" tests="5" name="OrangeHRMTest" time="99.772" errors="0" timestamp="2025-02-01T09:13:07 IST">
  <testcase classname="com.orangeHRM.test.DummyClass2" name="dummyTest2" time="0.111"/>
  <testcase classname="com.orangeHRM.test.DummyClass" name="dummyTest" time="0.38">
    <skipped/>
  </testcase> <!-- dummyTest -->
  <testcase classname="com.orangeHRM.test.HomePageTest" name="verifyOrangeHRMLogo" time="12.609"/>
  <testcase classname="com.orangeHRM.test.LoginPageTest" name="inValidLoginTest" time="48.192">
    <failure type="java.lang.AssertionError" message="Test Failed : Invalid Error Message expected [true] but found [false]">
      <![CDATA[java.lang.AssertionError: Test Failed : Invalid Error Message expected [true] but found [false]
at com.orangeHRM.test.LoginPageTest.inValidLoginTest(LoginPageTest.java:47)
at java.base/java.util.concurrent.Executors$RunnableAdapter.call(Executors.java:539)
at java.base/java.util.concurrent.FutureTask.run(FutureTask.java:264)
at java.base/java.util.concurrent.ThreadPoolExecutor.runWorker(ThreadPoolExecutor.java:1136)
at java.base/java.util.concurrent.ThreadPoolExecutor$Worker.run(ThreadPoolExecutor.java:635)
at java.base/java.lang.Thread.run(Thread.java:833)
... Removed 16 stack frames]]>
    </failure>
  </testcase> <!-- inValidLoginTest -->
  <testcase classname="com.orangeHRM.test.LoginPageTest" name="verifyValidLoginTest" time="10.054"/>
  <testcase classname="com.orangehrm.base.BaseClass" name="@BeforeSuite loadConfig" time="0.0">
    <ignored/>
  </testcase> <!-- @BeforeSuite loadConfig -->
  <testcase classname="com.orangehrm.base.BaseClass" name="@BeforeSuite loadConfig" time="0.0">
    <ignored/>
  </testcase> <!-- @BeforeSuite loadConfig -->
  <testcase classname="com.orangehrm.base.BaseClass" name="@BeforeSuite loadConfig" time="0.0">
    <ignored/>
  </testcase> <!-- @BeforeSuite loadConfig -->
</testsuite> <!-- OrangeHRMTest -->
