<?xml version="1.0" encoding="UTF-8"?>
<!-- Generated by org.testng.reporters.JUnitXMLReporter -->
<testsuite ignored="3" hostname="DESKTOP-JUROTAA" failures="0" tests="5" name="OrangeHRMTest" time="43.866" errors="0" timestamp="2025-01-30T14:49:13 IST">
  <testcase classname="com.orangeHRM.test.DummyClass" name="dummyTest" time="0.031"/>
  <testcase classname="com.orangeHRM.test.DummyClass2" name="dummyTest2" time="0.02"/>
  <testcase classname="com.orangeHRM.test.LoginPageTest" name="inValidLoginTest" time="7.403"/>
  <testcase classname="com.orangeHRM.test.HomePageTest" name="verifyOrangeHRMLogo" time="10.829"/>
  <testcase classname="com.orangeHRM.test.LoginPageTest" name="verifyValidLoginTest" time="9.022"/>
  <testcase classname="com.orangehrm.base.BaseClass" name="@BeforeSuite loadConfig" time="0.0">
    <ignored/>
  </testcase> <!-- @BeforeSuite loadConfig -->
  <testcase classname="com.orangehrm.base.BaseClass" name="@BeforeSuite loadConfig" time="0.0">
    <ignored/>
  </testcase> <!-- @BeforeSuite loadConfig -->
  <testcase classname="com.orangehrm.base.BaseClass" name="@BeforeSuite loadConfig" time="0.0">
    <ignored/>
  </testcase> <!-- @BeforeSuite loadConfig -->
</testsuite> <!-- OrangeHRMTest -->
