<?xml version="1.0" encoding="UTF-8"?>
<testng-results ignored="0" total="5" passed="5" failed="0" skipped="0">
  <reporter-output>
  </reporter-output>
  <suite started-at="2025-01-30T14:48:29 IST" name="OrangeHRMSuite" finished-at="2025-01-30T14:49:13 IST" duration-ms="43866">
    <groups>
    </groups>
    <test started-at="2025-01-30T14:48:29 IST" name="OrangeHRMTest" finished-at="2025-01-30T14:49:13 IST" duration-ms="43866">
      <class name="com.orangeHRM.test.HomePageTest">
        <test-method is-config="true" signature="setup()[pri:0, instance:com.orangeHRM.test.HomePageTest@66c61024]" started-at="2025-01-30T14:48:30 IST" name="setup" finished-at="2025-01-30T14:48:49 IST" duration-ms="19359" status="PASS">
          <reporter-output>
          </reporter-output>
        </test-method> <!-- setup -->
        <test-method signature="verifyOrangeHRMLogo()[pri:0, instance:com.orangeHRM.test.HomePageTest@66c61024]" started-at="2025-01-30T14:48:49 IST" name="verifyOrangeHRMLogo" finished-at="2025-01-30T14:49:00 IST" duration-ms="10829" status="PASS">
          <reporter-output>
          </reporter-output>
        </test-method> <!-- verifyOrangeHRMLogo -->
        <test-method is-config="true" signature="setupPages()[pri:0, instance:com.orangeHRM.test.HomePageTest@66c61024]" started-at="2025-01-30T14:48:49 IST" name="setupPages" finished-at="2025-01-30T14:48:49 IST" duration-ms="0" status="PASS">
          <reporter-output>
          </reporter-output>
        </test-method> <!-- setupPages -->
        <test-method is-config="true" signature="tearDown()[pri:0, instance:com.orangeHRM.test.HomePageTest@66c61024]" started-at="2025-01-30T14:49:00 IST" name="tearDown" finished-at="2025-01-30T14:49:01 IST" duration-ms="1254" status="PASS">
          <reporter-output>
          </reporter-output>
        </test-method> <!-- tearDown -->
      </class> <!-- com.orangeHRM.test.HomePageTest -->
      <class name="com.orangeHRM.test.DummyClass">
        <test-method is-config="true" signature="loadConfig()[pri:0, instance:com.orangeHRM.test.DummyClass@5f354bcf]" started-at="2025-01-30T14:48:29 IST" name="loadConfig" finished-at="2025-01-30T14:48:29 IST" duration-ms="16" status="PASS">
          <reporter-output>
          </reporter-output>
        </test-method> <!-- loadConfig -->
        <test-method is-config="true" signature="setup()[pri:0, instance:com.orangeHRM.test.DummyClass@5f354bcf]" started-at="2025-01-30T14:48:30 IST" name="setup" finished-at="2025-01-30T14:48:48 IST" duration-ms="17983" status="PASS">
          <reporter-output>
          </reporter-output>
        </test-method> <!-- setup -->
        <test-method signature="dummyTest()[pri:0, instance:com.orangeHRM.test.DummyClass@5f354bcf]" started-at="2025-01-30T14:48:48 IST" name="dummyTest" finished-at="2025-01-30T14:48:48 IST" duration-ms="31" status="PASS">
          <reporter-output>
          </reporter-output>
        </test-method> <!-- dummyTest -->
        <test-method is-config="true" signature="tearDown()[pri:0, instance:com.orangeHRM.test.DummyClass@5f354bcf]" started-at="2025-01-30T14:48:48 IST" name="tearDown" finished-at="2025-01-30T14:48:49 IST" duration-ms="1299" status="PASS">
          <reporter-output>
          </reporter-output>
        </test-method> <!-- tearDown -->
      </class> <!-- com.orangeHRM.test.DummyClass -->
      <class name="com.orangeHRM.test.DummyClass2">
        <test-method is-config="true" signature="setup()[pri:0, instance:com.orangeHRM.test.DummyClass2@1fc32e4f]" started-at="2025-01-30T14:48:30 IST" name="setup" finished-at="2025-01-30T14:48:49 IST" duration-ms="19603" status="PASS">
          <reporter-output>
          </reporter-output>
        </test-method> <!-- setup -->
        <test-method signature="dummyTest2()[pri:0, instance:com.orangeHRM.test.DummyClass2@1fc32e4f]" started-at="2025-01-30T14:48:49 IST" name="dummyTest2" finished-at="2025-01-30T14:48:49 IST" duration-ms="20" status="PASS">
          <reporter-output>
          </reporter-output>
        </test-method> <!-- dummyTest2 -->
        <test-method is-config="true" signature="tearDown()[pri:0, instance:com.orangeHRM.test.DummyClass2@1fc32e4f]" started-at="2025-01-30T14:48:49 IST" name="tearDown" finished-at="2025-01-30T14:48:50 IST" duration-ms="1291" status="PASS">
          <reporter-output>
          </reporter-output>
        </test-method> <!-- tearDown -->
      </class> <!-- com.orangeHRM.test.DummyClass2 -->
      <class name="com.orangeHRM.test.LoginPageTest">
        <test-method is-config="true" signature="setup()[pri:0, instance:com.orangeHRM.test.LoginPageTest@2f67b837]" started-at="2025-01-30T14:48:30 IST" name="setup" finished-at="2025-01-30T14:48:49 IST" duration-ms="19603" status="PASS">
          <reporter-output>
          </reporter-output>
        </test-method> <!-- setup -->
        <test-method is-config="true" signature="setup()[pri:0, instance:com.orangeHRM.test.LoginPageTest@2f67b837]" started-at="2025-01-30T14:48:30 IST" name="setup" finished-at="2025-01-30T14:49:03 IST" duration-ms="33511" status="PASS">
          <reporter-output>
          </reporter-output>
        </test-method> <!-- setup -->
        <test-method signature="inValidLoginTest()[pri:0, instance:com.orangeHRM.test.LoginPageTest@2f67b837]" started-at="2025-01-30T14:48:49 IST" name="inValidLoginTest" finished-at="2025-01-30T14:48:57 IST" duration-ms="7403" status="PASS">
          <reporter-output>
          </reporter-output>
        </test-method> <!-- inValidLoginTest -->
        <test-method is-config="true" signature="setupPages()[pri:0, instance:com.orangeHRM.test.LoginPageTest@2f67b837]" started-at="2025-01-30T14:48:49 IST" name="setupPages" finished-at="2025-01-30T14:48:49 IST" duration-ms="0" status="PASS">
          <reporter-output>
          </reporter-output>
        </test-method> <!-- setupPages -->
        <test-method is-config="true" signature="tearDown()[pri:0, instance:com.orangeHRM.test.LoginPageTest@2f67b837]" started-at="2025-01-30T14:48:57 IST" name="tearDown" finished-at="2025-01-30T14:49:04 IST" duration-ms="7719" status="PASS">
          <reporter-output>
          </reporter-output>
        </test-method> <!-- tearDown -->
        <test-method signature="verifyValidLoginTest()[pri:0, instance:com.orangeHRM.test.LoginPageTest@2f67b837]" started-at="2025-01-30T14:49:03 IST" name="verifyValidLoginTest" finished-at="2025-01-30T14:49:12 IST" duration-ms="9022" status="PASS">
          <reporter-output>
          </reporter-output>
        </test-method> <!-- verifyValidLoginTest -->
        <test-method is-config="true" signature="setupPages()[pri:0, instance:com.orangeHRM.test.LoginPageTest@2f67b837]" started-at="2025-01-30T14:49:03 IST" name="setupPages" finished-at="2025-01-30T14:49:03 IST" duration-ms="0" status="PASS">
          <reporter-output>
          </reporter-output>
        </test-method> <!-- setupPages -->
        <test-method is-config="true" signature="tearDown()[pri:0, instance:com.orangeHRM.test.LoginPageTest@2f67b837]" started-at="2025-01-30T14:49:12 IST" name="tearDown" finished-at="2025-01-30T14:49:13 IST" duration-ms="1302" status="PASS">
          <reporter-output>
          </reporter-output>
        </test-method> <!-- tearDown -->
      </class> <!-- com.orangeHRM.test.LoginPageTest -->
    </test> <!-- OrangeHRMTest -->
  </suite> <!-- OrangeHRMSuite -->
</testng-results>
